Using pre-set license
Built from '2020.3/staging' branch; Version is '2020.3.0f1 (c7b5465681fb) revision 13088070'; Using compiler version '192528614'; Build Type 'Release'
OS: 'Windows 10 Home; OS build 19041.928; Version 2004; 64bit' Language: 'ko' Physical Memory: 7860 MB
BatchMode: 1, IsHumanControllingUs: 0, StartBugReporterOnCrash: 0, Is64bit: 1, IsPro: 0

 COMMAND LINE ARGUMENTS:
C:\Program Files\Unity\Hub\Editor\2020.3.0f1\Editor\Unity.exe
-adb2
-batchMode
-noUpm
-name
AssetImportWorker0
-projectPath
C:/Unity_Project/Unity_Project/UI_Test
-logFile
Logs/AssetImportWorker0.log
-srvPort
53808
Successfully changed project path to: C:/Unity_Project/Unity_Project/UI_Test
C:/Unity_Project/Unity_Project/UI_Test
Using Asset Import Pipeline V2.
Refreshing native plugins compatible for Editor in 195.81 ms, found 1 plugins.
Preloading 0 native plugins for Editor in 0.00 ms.
Initialize engine version: 2020.3.0f1 (c7b5465681fb)
[Subsystems] Discovering subsystems at path C:/Program Files/Unity/Hub/Editor/2020.3.0f1/Editor/Data/Resources/UnitySubsystems
[Subsystems] Discovering subsystems at path C:/Unity_Project/Unity_Project/UI_Test/Assets
GfxDevice: creating device client; threaded=0
Direct3D:
    Version:  Direct3D 11.0 [level 11.1]
    Renderer: Intel(R) HD Graphics 620 (ID=0x5916)
    Vendor:   
    VRAM:     3930 MB
    Driver:   23.20.16.4849
Initialize mono
Mono path[0] = 'C:/Program Files/Unity/Hub/Editor/2020.3.0f1/Editor/Data/Managed'
Mono path[1] = 'C:/Program Files/Unity/Hub/Editor/2020.3.0f1/Editor/Data/MonoBleedingEdge/lib/mono/unityjit'
Mono config path = 'C:/Program Files/Unity/Hub/Editor/2020.3.0f1/Editor/Data/MonoBleedingEdge/etc'
Using monoOptions --debugger-agent=transport=dt_socket,embedding=1,server=y,suspend=n,address=127.0.0.1:56480
Begin MonoManager ReloadAssembly
Registering precompiled unity dll's ...
Register platform support module: C:/Program Files/Unity/Hub/Editor/2020.3.0f1/Editor/Data/PlaybackEngines/WindowsStandaloneSupport/UnityEditor.WindowsStandalone.Extensions.dll
Registered in 0.005960 seconds.
Native extension for WindowsStandalone target not found
Refreshing native plugins compatible for Editor in 96.47 ms, found 1 plugins.
Preloading 0 native plugins for Editor in 0.00 ms.
Invoked RoslynAnalysisRunner static constructor.
RoslynAnalysisRunner will not be running.
RoslynAnalysisRunner has terminated.
Mono: successfully reloaded assembly
- Completed reload, in 10.961 seconds
Platform modules already initialized, skipping
Registering precompiled user dll's ...
Registered in 0.003615 seconds.
Begin MonoManager ReloadAssembly
Native extension for WindowsStandalone target not found
Refreshing native plugins compatible for Editor in 75.99 ms, found 1 plugins.
Preloading 0 native plugins for Editor in 0.00 ms.
Invoked RoslynAnalysisRunner static constructor.
RoslynAnalysisRunner will not be running.
RoslynAnalysisRunner has terminated.
Mono: successfully reloaded assembly
- Completed reload, in  2.082 seconds
Platform modules already initialized, skipping
========================================================================
Worker process is ready to serve import requests
Launched and connected shader compiler UnityShaderCompiler.exe after 0.49 seconds
Refreshing native plugins compatible for Editor in 0.81 ms, found 1 plugins.
Preloading 0 native plugins for Editor in 0.00 ms.
Unloading 1808 Unused Serialized files (Serialized files now loaded: 0)
System memory in use before: 87.3 MB.
System memory in use after: 87.3 MB.

Unloading 24 unused Assets to reduce memory usage. Loaded Objects now: 2251.
Total: 5.555700 ms (FindLiveObjects: 0.494800 ms CreateObjectMapping: 0.201000 ms MarkObjects: 3.934800 ms  DeleteObjects: 0.921100 ms)

========================================================================
Received Prepare
Registering precompiled user dll's ...
Registered in 0.073098 seconds.
Begin MonoManager ReloadAssembly
Native extension for WindowsStandalone target not found
Refreshing native plugins compatible for Editor in 0.74 ms, found 1 plugins.
Preloading 0 native plugins for Editor in 0.00 ms.
Invoked RoslynAnalysisRunner static constructor.
RoslynAnalysisRunner will not be running.
RoslynAnalysisRunner has terminated.
Mono: successfully reloaded assembly
- Completed reload, in  2.174 seconds
Platform modules already initialized, skipping
Refreshing native plugins compatible for Editor in 187.05 ms, found 1 plugins.
Preloading 0 native plugins for Editor in 0.00 ms.
Unloading 1803 Unused Serialized files (Serialized files now loaded: 0)
System memory in use before: 87.3 MB.
System memory in use after: 87.2 MB.

Unloading 12 unused Assets to reduce memory usage. Loaded Objects now: 2255.
Total: 42.332000 ms (FindLiveObjects: 12.348100 ms CreateObjectMapping: 3.094100 ms MarkObjects: 26.697700 ms  DeleteObjects: 0.187500 ms)

========================================================================
Received Prepare
Registering precompiled user dll's ...
Registered in 0.002174 seconds.
Begin MonoManager ReloadAssembly
Native extension for WindowsStandalone target not found
Refreshing native plugins compatible for Editor in 0.49 ms, found 1 plugins.
Preloading 0 native plugins for Editor in 0.00 ms.
Invoked RoslynAnalysisRunner static constructor.
RoslynAnalysisRunner will not be running.
RoslynAnalysisRunner has terminated.
Mono: successfully reloaded assembly
- Completed reload, in  1.986 seconds
Platform modules already initialized, skipping
Refreshing native plugins compatible for Editor in 0.65 ms, found 1 plugins.
Preloading 0 native plugins for Editor in 0.00 ms.
Unloading 1803 Unused Serialized files (Serialized files now loaded: 0)
System memory in use before: 87.3 MB.
System memory in use after: 87.3 MB.

Unloading 12 unused Assets to reduce memory usage. Loaded Objects now: 2259.
Total: 21.334600 ms (FindLiveObjects: 3.231800 ms CreateObjectMapping: 0.606200 ms MarkObjects: 17.272900 ms  DeleteObjects: 0.217200 ms)

========================================================================
Received Prepare
Registering precompiled user dll's ...
Registered in 0.012001 seconds.
Begin MonoManager ReloadAssembly
Native extension for WindowsStandalone target not found
Refreshing native plugins compatible for Editor in 0.60 ms, found 1 plugins.
Preloading 0 native plugins for Editor in 0.00 ms.
Invoked RoslynAnalysisRunner static constructor.
RoslynAnalysisRunner will not be running.
RoslynAnalysisRunner has terminated.
Mono: successfully reloaded assembly
- Completed reload, in  4.736 seconds
Platform modules already initialized, skipping
Refreshing native plugins compatible for Editor in 0.39 ms, found 1 plugins.
Preloading 0 native plugins for Editor in 0.00 ms.
Unloading 1803 Unused Serialized files (Serialized files now loaded: 0)
System memory in use before: 87.3 MB.
System memory in use after: 87.3 MB.

Unloading 12 unused Assets to reduce memory usage. Loaded Objects now: 2263.
Total: 3.879400 ms (FindLiveObjects: 0.894400 ms CreateObjectMapping: 0.314500 ms MarkObjects: 2.527500 ms  DeleteObjects: 0.140400 ms)

========================================================================
Received Import Request.
  path: Assets/My audio
  artifactKey: Guid(ccb5b3b5a68d74d4193511aeacde69d8) Importer(815301076,1909f56bfc062723c751e8b465ee728b)
Start importing Assets/My audio using Guid(ccb5b3b5a68d74d4193511aeacde69d8) Importer(815301076,1909f56bfc062723c751e8b465ee728b)  -> (artifact id: '2261773fec11a0a74d01aa98ec874930') in 0.052773 seconds
  Import took 0.090120 seconds .

========================================================================
Received Import Request.
  Time since last request: 197.530735 seconds.
  path: Assets/My audio/misty_rain.mp3
  artifactKey: Guid(703cd194d59c4e741bbfa2e97358190f) Importer(815301076,1909f56bfc062723c751e8b465ee728b)
Start importing Assets/My audio/misty_rain.mp3 using Guid(703cd194d59c4e741bbfa2e97358190f) Importer(815301076,1909f56bfc062723c751e8b465ee728b)  -> (artifact id: 'e931a81adf15444e149f497cffd449b2') in 0.409448 seconds
  Import took 0.415461 seconds .

========================================================================
Received Prepare
Registering precompiled user dll's ...
Registered in 0.008008 seconds.
Begin MonoManager ReloadAssembly
Native extension for WindowsStandalone target not found
Refreshing native plugins compatible for Editor in 0.41 ms, found 1 plugins.
Preloading 0 native plugins for Editor in 0.00 ms.
Invoked RoslynAnalysisRunner static constructor.
RoslynAnalysisRunner will not be running.
RoslynAnalysisRunner has terminated.
Mono: successfully reloaded assembly
- Completed reload, in  2.449 seconds
Platform modules already initialized, skipping
Refreshing native plugins compatible for Editor in 0.84 ms, found 1 plugins.
Preloading 0 native plugins for Editor in 0.00 ms.
Unloading 1803 Unused Serialized files (Serialized files now loaded: 0)
System memory in use before: 90.5 MB.
System memory in use after: 90.5 MB.

Unloading 12 unused Assets to reduce memory usage. Loaded Objects now: 2276.
Total: 5.665600 ms (FindLiveObjects: 0.425700 ms CreateObjectMapping: 0.263300 ms MarkObjects: 4.811700 ms  DeleteObjects: 0.162400 ms)

========================================================================
Received Prepare
Registering precompiled user dll's ...
Registered in 0.010501 seconds.
Begin MonoManager ReloadAssembly
Native extension for WindowsStandalone target not found
Refreshing native plugins compatible for Editor in 0.75 ms, found 1 plugins.
Preloading 0 native plugins for Editor in 0.00 ms.
Invoked RoslynAnalysisRunner static constructor.
RoslynAnalysisRunner will not be running.
RoslynAnalysisRunner has terminated.
Mono: successfully reloaded assembly
- Completed reload, in  3.895 seconds
Platform modules already initialized, skipping
Refreshing native plugins compatible for Editor in 1.61 ms, found 1 plugins.
Preloading 0 native plugins for Editor in 0.00 ms.
Unloading 1804 Unused Serialized files (Serialized files now loaded: 0)
System memory in use before: 90.5 MB.
System memory in use after: 90.5 MB.

Unloading 12 unused Assets to reduce memory usage. Loaded Objects now: 2281.
Total: 8.224500 ms (FindLiveObjects: 0.635200 ms CreateObjectMapping: 2.167000 ms MarkObjects: 5.068300 ms  DeleteObjects: 0.350800 ms)

========================================================================
Received Import Request.
  Time since last request: 315.966011 seconds.
  path: Assets/Script/Mymusic.cs
  artifactKey: Guid(f6940be1d21aa954588fc5f9c551cc9c) Importer(815301076,1909f56bfc062723c751e8b465ee728b)
Start importing Assets/Script/Mymusic.cs using Guid(f6940be1d21aa954588fc5f9c551cc9c) Importer(815301076,1909f56bfc062723c751e8b465ee728b)  -> (artifact id: 'f1d7b58f2254f1ffb3c6abc6e31c5557') in 0.186172 seconds
  Import took 0.197116 seconds .

========================================================================
Received Prepare
Registering precompiled user dll's ...
Registered in 0.007462 seconds.
Begin MonoManager ReloadAssembly
Native extension for WindowsStandalone target not found
Refreshing native plugins compatible for Editor in 0.40 ms, found 1 plugins.
Preloading 0 native plugins for Editor in 0.00 ms.
Invoked RoslynAnalysisRunner static constructor.
RoslynAnalysisRunner will not be running.
RoslynAnalysisRunner has terminated.
Mono: successfully reloaded assembly
- Completed reload, in  1.743 seconds
Platform modules already initialized, skipping
Refreshing native plugins compatible for Editor in 0.73 ms, found 1 plugins.
Preloading 0 native plugins for Editor in 0.00 ms.
Unloading 1805 Unused Serialized files (Serialized files now loaded: 0)
System memory in use before: 90.5 MB.
System memory in use after: 90.5 MB.

Unloading 12 unused Assets to reduce memory usage. Loaded Objects now: 2286.
Total: 3.734700 ms (FindLiveObjects: 0.430600 ms CreateObjectMapping: 0.184800 ms MarkObjects: 2.950600 ms  DeleteObjects: 0.166800 ms)

========================================================================
Received Prepare
Registering precompiled user dll's ...
Registered in 0.001959 seconds.
Begin MonoManager ReloadAssembly
Native extension for WindowsStandalone target not found
Refreshing native plugins compatible for Editor in 0.84 ms, found 1 plugins.
Preloading 0 native plugins for Editor in 0.00 ms.
Invoked RoslynAnalysisRunner static constructor.
RoslynAnalysisRunner will not be running.
RoslynAnalysisRunner has terminated.
Mono: successfully reloaded assembly
- Completed reload, in  4.264 seconds
Platform modules already initialized, skipping
Refreshing native plugins compatible for Editor in 1.25 ms, found 1 plugins.
Preloading 0 native plugins for Editor in 0.00 ms.
Unloading 1805 Unused Serialized files (Serialized files now loaded: 0)
System memory in use before: 90.6 MB.
System memory in use after: 90.5 MB.

Unloading 12 unused Assets to reduce memory usage. Loaded Objects now: 2290.
Total: 5.760500 ms (FindLiveObjects: 0.524600 ms CreateObjectMapping: 0.236400 ms MarkObjects: 4.764400 ms  DeleteObjects: 0.231000 ms)

========================================================================
Received Import Request.
  Time since last request: 411.460497 seconds.
  path: Assets/Script/Mymusic.cs
  artifactKey: Guid(f6940be1d21aa954588fc5f9c551cc9c) Importer(815301076,1909f56bfc062723c751e8b465ee728b)
Start importing Assets/Script/Mymusic.cs using Guid(f6940be1d21aa954588fc5f9c551cc9c) Importer(815301076,1909f56bfc062723c751e8b465ee728b)  -> (artifact id: '33c4d8b73cb1db0f28ee1074a9e5ca03') in 0.055696 seconds
  Import took 0.126841 seconds .

========================================================================
Received Prepare
Registering precompiled user dll's ...
Registered in 0.001940 seconds.
Begin MonoManager ReloadAssembly
Native extension for WindowsStandalone target not found
Refreshing native plugins compatible for Editor in 0.37 ms, found 1 plugins.
Preloading 0 native plugins for Editor in 0.00 ms.
Invoked RoslynAnalysisRunner static constructor.
RoslynAnalysisRunner will not be running.
RoslynAnalysisRunner has terminated.
Mono: successfully reloaded assembly
- Completed reload, in  1.587 seconds
Platform modules already initialized, skipping
Refreshing native plugins compatible for Editor in 0.58 ms, found 1 plugins.
Preloading 0 native plugins for Editor in 0.00 ms.
Unloading 1805 Unused Serialized files (Serialized files now loaded: 0)
System memory in use before: 90.6 MB.
System memory in use after: 90.6 MB.

Unloading 12 unused Assets to reduce memory usage. Loaded Objects now: 2294.
Total: 3.997900 ms (FindLiveObjects: 0.384300 ms CreateObjectMapping: 0.178000 ms MarkObjects: 3.247700 ms  DeleteObjects: 0.185000 ms)

========================================================================
Received Prepare
Registering precompiled user dll's ...
Registered in 0.032241 seconds.
Begin MonoManager ReloadAssembly
Native extension for WindowsStandalone target not found
Refreshing native plugins compatible for Editor in 0.60 ms, found 1 plugins.
Preloading 0 native plugins for Editor in 0.00 ms.
Invoked RoslynAnalysisRunner static constructor.
RoslynAnalysisRunner will not be running.
RoslynAnalysisRunner has terminated.
Mono: successfully reloaded assembly
- Completed reload, in  1.481 seconds
Platform modules already initialized, skipping
Refreshing native plugins compatible for Editor in 1.53 ms, found 1 plugins.
Preloading 0 native plugins for Editor in 0.00 ms.
Unloading 1805 Unused Serialized files (Serialized files now loaded: 0)
System memory in use before: 90.6 MB.
System memory in use after: 90.6 MB.

Unloading 12 unused Assets to reduce memory usage. Loaded Objects now: 2298.
Total: 4.118100 ms (FindLiveObjects: 0.528600 ms CreateObjectMapping: 0.214600 ms MarkObjects: 3.176800 ms  DeleteObjects: 0.195300 ms)

========================================================================
Received Import Request.
  Time since last request: 3583.221932 seconds.
  path: Assets/Script/Mymusic.cs
  artifactKey: Guid(f6940be1d21aa954588fc5f9c551cc9c) Importer(815301076,1909f56bfc062723c751e8b465ee728b)
Start importing Assets/Script/Mymusic.cs using Guid(f6940be1d21aa954588fc5f9c551cc9c) Importer(815301076,1909f56bfc062723c751e8b465ee728b)  -> (artifact id: '875ffa2bb3354ed6fdb194085b7211da') in 0.103275 seconds
  Import took 0.168226 seconds .

========================================================================
Received Prepare
Registering precompiled user dll's ...
Registered in 0.005556 seconds.
Begin MonoManager ReloadAssembly
Native extension for WindowsStandalone target not found
Refreshing native plugins compatible for Editor in 0.47 ms, found 1 plugins.
Preloading 0 native plugins for Editor in 0.00 ms.
Invoked RoslynAnalysisRunner static constructor.
RoslynAnalysisRunner will not be running.
RoslynAnalysisRunner has terminated.
Mono: successfully reloaded assembly
- Completed reload, in  1.887 seconds
Platform modules already initialized, skipping
Refreshing native plugins compatible for Editor in 0.38 ms, found 1 plugins.
Preloading 0 native plugins for Editor in 0.00 ms.
Unloading 1804 Unused Serialized files (Serialized files now loaded: 0)
System memory in use before: 90.6 MB.
System memory in use after: 90.6 MB.

Unloading 13 unused Assets to reduce memory usage. Loaded Objects now: 2301.
Total: 2.817200 ms (FindLiveObjects: 0.346600 ms CreateObjectMapping: 0.121400 ms MarkObjects: 2.184600 ms  DeleteObjects: 0.162000 ms)

========================================================================
Received Prepare
Registering precompiled user dll's ...
Registered in 0.001904 seconds.
Begin MonoManager ReloadAssembly
Native extension for WindowsStandalone target not found
Refreshing native plugins compatible for Editor in 0.38 ms, found 1 plugins.
Preloading 0 native plugins for Editor in 0.00 ms.
Invoked RoslynAnalysisRunner static constructor.
RoslynAnalysisRunner will not be running.
RoslynAnalysisRunner has terminated.
Mono: successfully reloaded assembly
- Completed reload, in  1.702 seconds
Platform modules already initialized, skipping
Refreshing native plugins compatible for Editor in 1.16 ms, found 1 plugins.
Preloading 0 native plugins for Editor in 0.00 ms.
Unloading 1804 Unused Serialized files (Serialized files now loaded: 0)
System memory in use before: 90.6 MB.
System memory in use after: 90.6 MB.

Unloading 12 unused Assets to reduce memory usage. Loaded Objects now: 2305.
Total: 85.539000 ms (FindLiveObjects: 2.107300 ms CreateObjectMapping: 0.332200 ms MarkObjects: 4.540200 ms  DeleteObjects: 78.553500 ms)

========================================================================
Received Prepare
Registering precompiled user dll's ...
Registered in 0.004304 seconds.
Begin MonoManager ReloadAssembly
Native extension for WindowsStandalone target not found
Refreshing native plugins compatible for Editor in 0.37 ms, found 1 plugins.
Preloading 0 native plugins for Editor in 0.00 ms.
Invoked RoslynAnalysisRunner static constructor.
RoslynAnalysisRunner will not be running.
RoslynAnalysisRunner has terminated.
Mono: successfully reloaded assembly
- Completed reload, in  3.461 seconds
Platform modules already initialized, skipping
Refreshing native plugins compatible for Editor in 0.70 ms, found 1 plugins.
Preloading 0 native plugins for Editor in 0.00 ms.
Unloading 1804 Unused Serialized files (Serialized files now loaded: 0)
System memory in use before: 90.6 MB.
System memory in use after: 90.6 MB.

Unloading 12 unused Assets to reduce memory usage. Loaded Objects now: 2309.
Total: 3.923200 ms (FindLiveObjects: 0.443400 ms CreateObjectMapping: 0.218900 ms MarkObjects: 3.075600 ms  DeleteObjects: 0.182600 ms)

========================================================================
Received Prepare
Registering precompiled user dll's ...
Registered in 0.005067 seconds.
Begin MonoManager ReloadAssembly
Native extension for WindowsStandalone target not found
Refreshing native plugins compatible for Editor in 0.40 ms, found 1 plugins.
Preloading 0 native plugins for Editor in 0.00 ms.
Invoked RoslynAnalysisRunner static constructor.
RoslynAnalysisRunner will not be running.
RoslynAnalysisRunner has terminated.
Mono: successfully reloaded assembly
- Completed reload, in  1.846 seconds
Platform modules already initialized, skipping
Refreshing native plugins compatible for Editor in 0.87 ms, found 1 plugins.
Preloading 0 native plugins for Editor in 0.00 ms.
Unloading 1804 Unused Serialized files (Serialized files now loaded: 0)
System memory in use before: 90.6 MB.
System memory in use after: 90.6 MB.

Unloading 12 unused Assets to reduce memory usage. Loaded Objects now: 2313.
Total: 3.571100 ms (FindLiveObjects: 0.322100 ms CreateObjectMapping: 0.143400 ms MarkObjects: 2.881000 ms  DeleteObjects: 0.221900 ms)

========================================================================
Received Prepare
Registering precompiled user dll's ...
Registered in 0.002011 seconds.
Begin MonoManager ReloadAssembly
Native extension for WindowsStandalone target not found
Refreshing native plugins compatible for Editor in 0.62 ms, found 1 plugins.
Preloading 0 native plugins for Editor in 0.00 ms.
Invoked RoslynAnalysisRunner static constructor.
RoslynAnalysisRunner will not be running.
RoslynAnalysisRunner has terminated.
Mono: successfully reloaded assembly
- Completed reload, in  1.408 seconds
Platform modules already initialized, skipping
Refreshing native plugins compatible for Editor in 0.71 ms, found 1 plugins.
Preloading 0 native plugins for Editor in 0.00 ms.
Unloading 1804 Unused Serialized files (Serialized files now loaded: 0)
System memory in use before: 90.6 MB.
System memory in use after: 90.6 MB.

Unloading 12 unused Assets to reduce memory usage. Loaded Objects now: 2317.
Total: 4.430000 ms (FindLiveObjects: 0.430700 ms CreateObjectMapping: 0.209900 ms MarkObjects: 3.557500 ms  DeleteObjects: 0.229300 ms)

========================================================================
Received Prepare
Registering precompiled user dll's ...
Registered in 0.001943 seconds.
Begin MonoManager ReloadAssembly
Native extension for WindowsStandalone target not found
Refreshing native plugins compatible for Editor in 0.40 ms, found 1 plugins.
Preloading 0 native plugins for Editor in 0.00 ms.
Invoked RoslynAnalysisRunner static constructor.
RoslynAnalysisRunner will not be running.
RoslynAnalysisRunner has terminated.
Mono: successfully reloaded assembly
- Completed reload, in  1.556 seconds
Platform modules already initialized, skipping
Refreshing native plugins compatible for Editor in 0.69 ms, found 1 plugins.
Preloading 0 native plugins for Editor in 0.00 ms.
Unloading 1804 Unused Serialized files (Serialized files now loaded: 0)
System memory in use before: 90.6 MB.
System memory in use after: 90.6 MB.

Unloading 12 unused Assets to reduce memory usage. Loaded Objects now: 2321.
Total: 66.960700 ms (FindLiveObjects: 1.142000 ms CreateObjectMapping: 0.251600 ms MarkObjects: 3.190500 ms  DeleteObjects: 62.374400 ms)

========================================================================
Received Prepare
Registering precompiled user dll's ...
Registered in 0.001969 seconds.
Begin MonoManager ReloadAssembly
Native extension for WindowsStandalone target not found
Refreshing native plugins compatible for Editor in 0.49 ms, found 1 plugins.
Preloading 0 native plugins for Editor in 0.00 ms.
Invoked RoslynAnalysisRunner static constructor.
RoslynAnalysisRunner will not be running.
RoslynAnalysisRunner has terminated.
Mono: successfully reloaded assembly
- Completed reload, in  1.698 seconds
Platform modules already initialized, skipping
Refreshing native plugins compatible for Editor in 0.68 ms, found 1 plugins.
Preloading 0 native plugins for Editor in 0.00 ms.
Unloading 1804 Unused Serialized files (Serialized files now loaded: 0)
System memory in use before: 90.6 MB.
System memory in use after: 90.6 MB.

Unloading 12 unused Assets to reduce memory usage. Loaded Objects now: 2325.
Total: 53.151500 ms (FindLiveObjects: 0.897100 ms CreateObjectMapping: 0.265300 ms MarkObjects: 3.585300 ms  DeleteObjects: 48.400600 ms)

========================================================================
Received Prepare
Registering precompiled user dll's ...
Registered in 0.005681 seconds.
Begin MonoManager ReloadAssembly
Native extension for WindowsStandalone target not found
Refreshing native plugins compatible for Editor in 0.47 ms, found 1 plugins.
Preloading 0 native plugins for Editor in 0.00 ms.
Invoked RoslynAnalysisRunner static constructor.
RoslynAnalysisRunner will not be running.
RoslynAnalysisRunner has terminated.
Mono: successfully reloaded assembly
- Completed reload, in  3.887 seconds
Platform modules already initialized, skipping
Refreshing native plugins compatible for Editor in 0.82 ms, found 1 plugins.
Preloading 0 native plugins for Editor in 0.00 ms.
Unloading 1804 Unused Serialized files (Serialized files now loaded: 0)
System memory in use before: 90.6 MB.
System memory in use after: 90.6 MB.

Unloading 12 unused Assets to reduce memory usage. Loaded Objects now: 2329.
Total: 66.405700 ms (FindLiveObjects: 0.506600 ms CreateObjectMapping: 0.201000 ms MarkObjects: 3.415300 ms  DeleteObjects: 62.280200 ms)

========================================================================
Received Import Request.
  Time since last request: 327.434195 seconds.
  path: Assets/Script/man.cs
  artifactKey: Guid(78d4ad213b536714d8e1d439d73bbb00) Importer(815301076,1909f56bfc062723c751e8b465ee728b)
Start importing Assets/Script/man.cs using Guid(78d4ad213b536714d8e1d439d73bbb00) Importer(815301076,1909f56bfc062723c751e8b465ee728b)  -> (artifact id: '4918e9fcf5a9702127e6c110b6645ec0') in 0.044077 seconds
  Import took 0.053002 seconds .

========================================================================
Received Prepare
Registering precompiled user dll's ...
Registered in 0.002812 seconds.
Begin MonoManager ReloadAssembly
Native extension for WindowsStandalone target not found
Refreshing native plugins compatible for Editor in 1.04 ms, found 1 plugins.
Preloading 0 native plugins for Editor in 0.00 ms.
Invoked RoslynAnalysisRunner static constructor.
RoslynAnalysisRunner will not be running.
RoslynAnalysisRunner has terminated.
Mono: successfully reloaded assembly
- Completed reload, in  4.974 seconds
Platform modules already initialized, skipping
Refreshing native plugins compatible for Editor in 0.60 ms, found 1 plugins.
Preloading 0 native plugins for Editor in 0.00 ms.
Unloading 1805 Unused Serialized files (Serialized files now loaded: 0)
System memory in use before: 90.6 MB.
System memory in use after: 90.6 MB.

Unloading 12 unused Assets to reduce memory usage. Loaded Objects now: 2334.
Total: 3.666800 ms (FindLiveObjects: 0.408000 ms CreateObjectMapping: 0.155200 ms MarkObjects: 2.924400 ms  DeleteObjects: 0.176500 ms)

========================================================================
Received Import Request.
  Time since last request: 132.755722 seconds.
  path: Assets/Script/man.cs
  artifactKey: Guid(78d4ad213b536714d8e1d439d73bbb00) Importer(815301076,1909f56bfc062723c751e8b465ee728b)
Start importing Assets/Script/man.cs using Guid(78d4ad213b536714d8e1d439d73bbb00) Importer(815301076,1909f56bfc062723c751e8b465ee728b)  -> (artifact id: '434605c682d44220028aee5a09faa215') in 0.010034 seconds
  Import took 0.014375 seconds .

========================================================================
Received Prepare
Registering precompiled user dll's ...
Registered in 0.002166 seconds.
Begin MonoManager ReloadAssembly
Native extension for WindowsStandalone target not found
Refreshing native plugins compatible for Editor in 0.38 ms, found 1 plugins.
Preloading 0 native plugins for Editor in 0.00 ms.
Invoked RoslynAnalysisRunner static constructor.
RoslynAnalysisRunner will not be running.
RoslynAnalysisRunner has terminated.
Mono: successfully reloaded assembly
- Completed reload, in  1.692 seconds
Platform modules already initialized, skipping
Refreshing native plugins compatible for Editor in 0.62 ms, found 1 plugins.
Preloading 0 native plugins for Editor in 0.00 ms.
Unloading 1805 Unused Serialized files (Serialized files now loaded: 0)
System memory in use before: 90.7 MB.
System memory in use after: 90.6 MB.

Unloading 12 unused Assets to reduce memory usage. Loaded Objects now: 2338.
Total: 7.514600 ms (FindLiveObjects: 0.625100 ms CreateObjectMapping: 0.280000 ms MarkObjects: 6.224800 ms  DeleteObjects: 0.379700 ms)

========================================================================
Received Prepare
Registering precompiled user dll's ...
Registered in 0.007668 seconds.
Begin MonoManager ReloadAssembly
Native extension for WindowsStandalone target not found
Refreshing native plugins compatible for Editor in 6.22 ms, found 1 plugins.
Preloading 0 native plugins for Editor in 0.00 ms.
Invoked RoslynAnalysisRunner static constructor.
RoslynAnalysisRunner will not be running.
RoslynAnalysisRunner has terminated.
Mono: successfully reloaded assembly
- Completed reload, in  4.583 seconds
Platform modules already initialized, skipping
Refreshing native plugins compatible for Editor in 0.70 ms, found 1 plugins.
Preloading 0 native plugins for Editor in 0.00 ms.
Unloading 1805 Unused Serialized files (Serialized files now loaded: 0)
System memory in use before: 90.7 MB.
System memory in use after: 90.7 MB.

Unloading 12 unused Assets to reduce memory usage. Loaded Objects now: 2342.
Total: 14.825400 ms (FindLiveObjects: 0.501200 ms CreateObjectMapping: 0.230500 ms MarkObjects: 8.735300 ms  DeleteObjects: 5.353300 ms)

========================================================================
Received Prepare
Registering precompiled user dll's ...
Registered in 0.416636 seconds.
Begin MonoManager ReloadAssembly
Native extension for WindowsStandalone target not found
Refreshing native plugins compatible for Editor in 0.92 ms, found 1 plugins.
Preloading 0 native plugins for Editor in 0.00 ms.
Invoked RoslynAnalysisRunner static constructor.
RoslynAnalysisRunner will not be running.
RoslynAnalysisRunner has terminated.
Mono: successfully reloaded assembly
- Completed reload, in  3.167 seconds
Platform modules already initialized, skipping
Refreshing native plugins compatible for Editor in 1.44 ms, found 1 plugins.
Preloading 0 native plugins for Editor in 0.00 ms.
Unloading 1805 Unused Serialized files (Serialized files now loaded: 0)
System memory in use before: 90.7 MB.
System memory in use after: 90.7 MB.

Unloading 12 unused Assets to reduce memory usage. Loaded Objects now: 2346.
Total: 4.036700 ms (FindLiveObjects: 0.283100 ms CreateObjectMapping: 0.094000 ms MarkObjects: 3.281000 ms  DeleteObjects: 0.376000 ms)

========================================================================
Received Prepare
Registering precompiled user dll's ...
Registered in 0.002423 seconds.
Begin MonoManager ReloadAssembly
Native extension for WindowsStandalone target not found
Refreshing native plugins compatible for Editor in 0.71 ms, found 1 plugins.
Preloading 0 native plugins for Editor in 0.00 ms.
Invoked RoslynAnalysisRunner static constructor.
RoslynAnalysisRunner will not be running.
RoslynAnalysisRunner has terminated.
Mono: successfully reloaded assembly
- Completed reload, in 10.978 seconds
Platform modules already initialized, skipping
Refreshing native plugins compatible for Editor in 8.74 ms, found 1 plugins.
Preloading 0 native plugins for Editor in 0.00 ms.
Unloading 1805 Unused Serialized files (Serialized files now loaded: 0)
System memory in use before: 90.7 MB.
System memory in use after: 90.7 MB.

Unloading 12 unused Assets to reduce memory usage. Loaded Objects now: 2350.
Total: 14.370900 ms (FindLiveObjects: 4.398800 ms CreateObjectMapping: 0.277900 ms MarkObjects: 9.515400 ms  DeleteObjects: 0.176800 ms)

========================================================================
Received Prepare
Registering precompiled user dll's ...
Registered in 0.003597 seconds.
Begin MonoManager ReloadAssembly
Native extension for WindowsStandalone target not found
Refreshing native plugins compatible for Editor in 0.42 ms, found 1 plugins.
Preloading 0 native plugins for Editor in 0.00 ms.
Invoked RoslynAnalysisRunner static constructor.
RoslynAnalysisRunner will not be running.
RoslynAnalysisRunner has terminated.
Mono: successfully reloaded assembly
- Completed reload, in  2.223 seconds
Platform modules already initialized, skipping
Refreshing native plugins compatible for Editor in 0.80 ms, found 1 plugins.
Preloading 0 native plugins for Editor in 0.00 ms.
Unloading 1805 Unused Serialized files (Serialized files now loaded: 0)
System memory in use before: 90.7 MB.
System memory in use after: 90.7 MB.

Unloading 12 unused Assets to reduce memory usage. Loaded Objects now: 2354.
Total: 3.795400 ms (FindLiveObjects: 0.438800 ms CreateObjectMapping: 0.228100 ms MarkObjects: 2.933700 ms  DeleteObjects: 0.192500 ms)

========================================================================
Received Prepare
Registering precompiled user dll's ...
Registered in 0.001887 seconds.
Begin MonoManager ReloadAssembly
Native extension for WindowsStandalone target not found
Refreshing native plugins compatible for Editor in 0.63 ms, found 1 plugins.
Preloading 0 native plugins for Editor in 0.00 ms.
Invoked RoslynAnalysisRunner static constructor.
RoslynAnalysisRunner will not be running.
RoslynAnalysisRunner has terminated.
Mono: successfully reloaded assembly
- Completed reload, in  2.016 seconds
Platform modules already initialized, skipping
Refreshing native plugins compatible for Editor in 2.13 ms, found 1 plugins.
Preloading 0 native plugins for Editor in 0.00 ms.
Unloading 1805 Unused Serialized files (Serialized files now loaded: 0)
System memory in use before: 90.7 MB.
System memory in use after: 90.7 MB.

Unloading 12 unused Assets to reduce memory usage. Loaded Objects now: 2358.
Total: 4.110800 ms (FindLiveObjects: 0.437400 ms CreateObjectMapping: 0.203800 ms MarkObjects: 3.190300 ms  DeleteObjects: 0.276300 ms)

========================================================================
Received Prepare
Registering precompiled user dll's ...
Registered in 0.002981 seconds.
Begin MonoManager ReloadAssembly
Native extension for WindowsStandalone target not found
Refreshing native plugins compatible for Editor in 0.62 ms, found 1 plugins.
Preloading 0 native plugins for Editor in 0.00 ms.
Invoked RoslynAnalysisRunner static constructor.
RoslynAnalysisRunner will not be running.
RoslynAnalysisRunner has terminated.
Mono: successfully reloaded assembly
- Completed reload, in  2.796 seconds
Platform modules already initialized, skipping
Refreshing native plugins compatible for Editor in 0.75 ms, found 1 plugins.
Preloading 0 native plugins for Editor in 0.00 ms.
Unloading 1805 Unused Serialized files (Serialized files now loaded: 0)
System memory in use before: 90.7 MB.
System memory in use after: 90.7 MB.

Unloading 12 unused Assets to reduce memory usage. Loaded Objects now: 2362.
Total: 4.194700 ms (FindLiveObjects: 0.505800 ms CreateObjectMapping: 0.201800 ms MarkObjects: 3.279800 ms  DeleteObjects: 0.204600 ms)

========================================================================
Received Prepare
Registering precompiled user dll's ...
Registered in 0.001813 seconds.
Begin MonoManager ReloadAssembly
Native extension for WindowsStandalone target not found
Refreshing native plugins compatible for Editor in 0.70 ms, found 1 plugins.
Preloading 0 native plugins for Editor in 0.00 ms.
Invoked RoslynAnalysisRunner static constructor.
RoslynAnalysisRunner will not be running.
RoslynAnalysisRunner has terminated.
Mono: successfully reloaded assembly
- Completed reload, in  1.749 seconds
Platform modules already initialized, skipping
Refreshing native plugins compatible for Editor in 0.81 ms, found 1 plugins.
Preloading 0 native plugins for Editor in 0.00 ms.
Unloading 1805 Unused Serialized files (Serialized files now loaded: 0)
System memory in use before: 90.7 MB.
System memory in use after: 90.7 MB.

Unloading 12 unused Assets to reduce memory usage. Loaded Objects now: 2366.
Total: 4.994900 ms (FindLiveObjects: 0.735400 ms CreateObjectMapping: 0.193900 ms MarkObjects: 3.829900 ms  DeleteObjects: 0.233500 ms)

========================================================================
Received Prepare
Registering precompiled user dll's ...
Registered in 0.096259 seconds.
Begin MonoManager ReloadAssembly
Native extension for WindowsStandalone target not found
Refreshing native plugins compatible for Editor in 0.92 ms, found 1 plugins.
Preloading 0 native plugins for Editor in 0.00 ms.
Invoked RoslynAnalysisRunner static constructor.
RoslynAnalysisRunner will not be running.
RoslynAnalysisRunner has terminated.
Mono: successfully reloaded assembly
- Completed reload, in  1.988 seconds
Platform modules already initialized, skipping
Refreshing native plugins compatible for Editor in 100.01 ms, found 1 plugins.
Preloading 0 native plugins for Editor in 0.00 ms.
Unloading 1805 Unused Serialized files (Serialized files now loaded: 0)
System memory in use before: 90.7 MB.
System memory in use after: 90.7 MB.

Unloading 12 unused Assets to reduce memory usage. Loaded Objects now: 2370.
Total: 9.900400 ms (FindLiveObjects: 0.877400 ms CreateObjectMapping: 0.186200 ms MarkObjects: 8.614000 ms  DeleteObjects: 0.220200 ms)

========================================================================
Received Prepare
Registering precompiled user dll's ...
Registered in 0.012851 seconds.
Begin MonoManager ReloadAssembly
Native extension for WindowsStandalone target not found
Refreshing native plugins compatible for Editor in 0.59 ms, found 1 plugins.
Preloading 0 native plugins for Editor in 0.00 ms.
Invoked RoslynAnalysisRunner static constructor.
RoslynAnalysisRunner will not be running.
RoslynAnalysisRunner has terminated.
Mono: successfully reloaded assembly
- Completed reload, in  1.841 seconds
Platform modules already initialized, skipping
Refreshing native plugins compatible for Editor in 0.70 ms, found 1 plugins.
Preloading 0 native plugins for Editor in 0.00 ms.
Unloading 1805 Unused Serialized files (Serialized files now loaded: 0)
System memory in use before: 90.7 MB.
System memory in use after: 90.7 MB.

Unloading 12 unused Assets to reduce memory usage. Loaded Objects now: 2374.
Total: 3.694100 ms (FindLiveObjects: 0.452800 ms CreateObjectMapping: 0.163200 ms MarkObjects: 2.911500 ms  DeleteObjects: 0.164000 ms)

========================================================================
Received Import Request.
  Time since last request: 84521.490018 seconds.
  path: Assets/My audio/353711__projectsu012__keyboard-typing.wav
  artifactKey: Guid(67323def593a1b24c9b48581e8a2b837) Importer(815301076,1909f56bfc062723c751e8b465ee728b)
Start importing Assets/My audio/353711__projectsu012__keyboard-typing.wav using Guid(67323def593a1b24c9b48581e8a2b837) Importer(815301076,1909f56bfc062723c751e8b465ee728b)  -> (artifact id: '91e64ff1de40d4ae3987f459cc8b4fb2') in 0.282714 seconds
  Import took 0.294423 seconds .

========================================================================
Received Import Request.
  Time since last request: 98.239623 seconds.
  path: Assets/Script/man.cs
  artifactKey: Guid(78d4ad213b536714d8e1d439d73bbb00) Importer(815301076,1909f56bfc062723c751e8b465ee728b)
Start importing Assets/Script/man.cs using Guid(78d4ad213b536714d8e1d439d73bbb00) Importer(815301076,1909f56bfc062723c751e8b465ee728b)  -> (artifact id: '194fc3d9bd6f6ac2d4ebe462382b47be') in 0.033744 seconds
  Import took 0.048269 seconds .

========================================================================
Received Import Request.
  Time since last request: 0.041063 seconds.
  path: Assets/Script/man.cs
  artifactKey: Guid(78d4ad213b536714d8e1d439d73bbb00) Importer(815301076,1909f56bfc062723c751e8b465ee728b)
Start importing Assets/Script/man.cs using Guid(78d4ad213b536714d8e1d439d73bbb00) Importer(815301076,1909f56bfc062723c751e8b465ee728b)  -> (artifact id: '194fc3d9bd6f6ac2d4ebe462382b47be') in 0.026197 seconds
  Import took 0.032176 seconds .

========================================================================
Received Prepare
Registering precompiled user dll's ...
Registered in 0.007496 seconds.
Begin MonoManager ReloadAssembly
Native extension for WindowsStandalone target not found
Refreshing native plugins compatible for Editor in 0.51 ms, found 1 plugins.
Preloading 0 native plugins for Editor in 0.00 ms.
Invoked RoslynAnalysisRunner static constructor.
RoslynAnalysisRunner will not be running.
RoslynAnalysisRunner has terminated.
Mono: successfully reloaded assembly
- Completed reload, in  2.987 seconds
Platform modules already initialized, skipping
Refreshing native plugins compatible for Editor in 0.72 ms, found 1 plugins.
Preloading 0 native plugins for Editor in 0.00 ms.
Unloading 1805 Unused Serialized files (Serialized files now loaded: 0)
System memory in use before: 90.8 MB.
System memory in use after: 90.8 MB.

Unloading 12 unused Assets to reduce memory usage. Loaded Objects now: 2379.
Total: 30.313800 ms (FindLiveObjects: 10.491200 ms CreateObjectMapping: 0.565600 ms MarkObjects: 18.677100 ms  DeleteObjects: 0.574400 ms)

========================================================================
Received Prepare
Registering precompiled user dll's ...
Registered in 0.007365 seconds.
Begin MonoManager ReloadAssembly
Native extension for WindowsStandalone target not found
Refreshing native plugins compatible for Editor in 0.37 ms, found 1 plugins.
Preloading 0 native plugins for Editor in 0.00 ms.
Invoked RoslynAnalysisRunner static constructor.
RoslynAnalysisRunner will not be running.
RoslynAnalysisRunner has terminated.
Mono: successfully reloaded assembly
- Completed reload, in  2.544 seconds
Platform modules already initialized, skipping
Refreshing native plugins compatible for Editor in 0.66 ms, found 1 plugins.
Preloading 0 native plugins for Editor in 0.00 ms.
Unloading 1805 Unused Serialized files (Serialized files now loaded: 0)
System memory in use before: 90.8 MB.
System memory in use after: 90.8 MB.

Unloading 12 unused Assets to reduce memory usage. Loaded Objects now: 2383.
Total: 18.158500 ms (FindLiveObjects: 0.351400 ms CreateObjectMapping: 0.124100 ms MarkObjects: 3.726500 ms  DeleteObjects: 13.953300 ms)

========================================================================
Received Import Request.
  Time since last request: 447.209965 seconds.
  path: Assets/My audio/misty_rain.mp3
  artifactKey: Guid(703cd194d59c4e741bbfa2e97358190f) Importer(815301076,1909f56bfc062723c751e8b465ee728b)
Start importing Assets/My audio/misty_rain.mp3 using Guid(703cd194d59c4e741bbfa2e97358190f) Importer(815301076,1909f56bfc062723c751e8b465ee728b)  -> (artifact id: '71ecfd2194889c3deb674d9e2fe709b3') in 0.186883 seconds
  Import took 0.201306 seconds .

========================================================================
Received Prepare
Registering precompiled user dll's ...
Registered in 0.003600 seconds.
Begin MonoManager ReloadAssembly
Native extension for WindowsStandalone target not found
Refreshing native plugins compatible for Editor in 0.37 ms, found 1 plugins.
Preloading 0 native plugins for Editor in 0.00 ms.
Invoked RoslynAnalysisRunner static constructor.
RoslynAnalysisRunner will not be running.
RoslynAnalysisRunner has terminated.
Mono: successfully reloaded assembly
- Completed reload, in  1.979 seconds
Platform modules already initialized, skipping
Refreshing native plugins compatible for Editor in 6.80 ms, found 1 plugins.
Preloading 0 native plugins for Editor in 0.00 ms.
Unloading 1805 Unused Serialized files (Serialized files now loaded: 0)
System memory in use before: 90.8 MB.
System memory in use after: 90.8 MB.

Unloading 12 unused Assets to reduce memory usage. Loaded Objects now: 2388.
Total: 5.422900 ms (FindLiveObjects: 0.399200 ms CreateObjectMapping: 0.145900 ms MarkObjects: 4.616600 ms  DeleteObjects: 0.257600 ms)

========================================================================
Received Prepare
Registering precompiled user dll's ...
Registered in 0.004735 seconds.
Begin MonoManager ReloadAssembly
Native extension for WindowsStandalone target not found
Refreshing native plugins compatible for Editor in 1.10 ms, found 1 plugins.
Preloading 0 native plugins for Editor in 0.00 ms.
Invoked RoslynAnalysisRunner static constructor.
RoslynAnalysisRunner will not be running.
RoslynAnalysisRunner has terminated.
Mono: successfully reloaded assembly
- Completed reload, in  2.075 seconds
Platform modules already initialized, skipping
Refreshing native plugins compatible for Editor in 0.91 ms, found 1 plugins.
Preloading 0 native plugins for Editor in 0.00 ms.
Unloading 1805 Unused Serialized files (Serialized files now loaded: 0)
System memory in use before: 90.8 MB.
System memory in use after: 90.8 MB.

Unloading 12 unused Assets to reduce memory usage. Loaded Objects now: 2392.
Total: 4.421700 ms (FindLiveObjects: 0.435700 ms CreateObjectMapping: 0.170600 ms MarkObjects: 3.608900 ms  DeleteObjects: 0.204300 ms)

========================================================================
Received Prepare
Registering precompiled user dll's ...
Registered in 0.003390 seconds.
Begin MonoManager ReloadAssembly
Native extension for WindowsStandalone target not found
Refreshing native plugins compatible for Editor in 0.44 ms, found 1 plugins.
Preloading 0 native plugins for Editor in 0.00 ms.
Invoked RoslynAnalysisRunner static constructor.
RoslynAnalysisRunner will not be running.
RoslynAnalysisRunner has terminated.
Mono: successfully reloaded assembly
- Completed reload, in  2.084 seconds
Platform modules already initialized, skipping
Refreshing native plugins compatible for Editor in 0.37 ms, found 1 plugins.
Preloading 0 native plugins for Editor in 0.00 ms.
Unloading 1805 Unused Serialized files (Serialized files now loaded: 0)
System memory in use before: 90.8 MB.
System memory in use after: 90.8 MB.

Unloading 12 unused Assets to reduce memory usage. Loaded Objects now: 2396.
Total: 7.343800 ms (FindLiveObjects: 3.316500 ms CreateObjectMapping: 0.178300 ms MarkObjects: 3.607800 ms  DeleteObjects: 0.238000 ms)

========================================================================
Received Prepare
Registering precompiled user dll's ...
Registered in 0.001855 seconds.
Begin MonoManager ReloadAssembly
Native extension for WindowsStandalone target not found
Refreshing native plugins compatible for Editor in 0.43 ms, found 1 plugins.
Preloading 0 native plugins for Editor in 0.00 ms.
Invoked RoslynAnalysisRunner static constructor.
RoslynAnalysisRunner will not be running.
RoslynAnalysisRunner has terminated.
Mono: successfully reloaded assembly
- Completed reload, in  2.317 seconds
Platform modules already initialized, skipping
Refreshing native plugins compatible for Editor in 3.38 ms, found 1 plugins.
Preloading 0 native plugins for Editor in 0.00 ms.
Unloading 1805 Unused Serialized files (Serialized files now loaded: 0)
System memory in use before: 90.8 MB.
System memory in use after: 90.8 MB.

Unloading 12 unused Assets to reduce memory usage. Loaded Objects now: 2400.
Total: 8.278000 ms (FindLiveObjects: 0.488000 ms CreateObjectMapping: 0.190800 ms MarkObjects: 7.317400 ms  DeleteObjects: 0.279000 ms)

========================================================================
Received Prepare
Registering precompiled user dll's ...
Registered in 0.013212 seconds.
Begin MonoManager ReloadAssembly
Native extension for WindowsStandalone target not found
Refreshing native plugins compatible for Editor in 0.46 ms, found 1 plugins.
Preloading 0 native plugins for Editor in 0.00 ms.
Invoked RoslynAnalysisRunner static constructor.
RoslynAnalysisRunner will not be running.
RoslynAnalysisRunner has terminated.
Mono: successfully reloaded assembly
- Completed reload, in  4.931 seconds
Platform modules already initialized, skipping
Refreshing native plugins compatible for Editor in 0.37 ms, found 1 plugins.
Preloading 0 native plugins for Editor in 0.00 ms.
Unloading 1805 Unused Serialized files (Serialized files now loaded: 0)
System memory in use before: 90.8 MB.
System memory in use after: 90.8 MB.

Unloading 12 unused Assets to reduce memory usage. Loaded Objects now: 2404.
Total: 4.476600 ms (FindLiveObjects: 0.977200 ms CreateObjectMapping: 0.390100 ms MarkObjects: 2.940100 ms  DeleteObjects: 0.167000 ms)

AssetImportWorkerClient::OnTransportError - code=2 error=End of file
